<?xml version="1.0" encoding="UTF-8"?>
<testsuite name="BullsCowsTest" tests="1" skipped="0" failures="0" errors="0" timestamp="2024-02-19T00:31:57" hostname="DESKTOP-540C16A" time="0.088">
  <properties/>
  <testcase name="start" classname="BullsCowsTest" time="0.088"/>
  <system-out><![CDATA[?[1;31m
Start test 1?[0m
> 3601
Grade: 1 cow(s). The secret code is 5933
?[1;31m
Start test 2?[0m
> 5933
Grade: None. The secret code is 0810
?[1;31m
Start test 3?[0m
> 2345
Grade: None. The secret code is 1989
]]></system-out>
  <system-err><![CDATA[]]></system-err>
</testsuite>
